c:\users\user\desktop\hftradingsystem\hftradingsystem\x64\debug\vc143.pdb
c:\users\user\desktop\hftradingsystem\hftradingsystem\x64\debug\vc143.idb
c:\users\user\desktop\hftradingsystem\hftradingsystem\x64\debug\mdspi.obj
c:\users\user\desktop\hftradingsystem\hftradingsystem\x64\debug\main.obj
c:\users\user\desktop\hftradingsystem\hftradingsystem\x64\debug\tdspi.obj
c:\users\user\desktop\hftradingsystem\hftradingsystem\x64\debug\strategy.obj
c:\users\user\desktop\hftradingsystem\hftradingsystem\x64\debug\mystruct.obj
c:\users\user\desktop\hftradingsystem\hftradingsystem\bin\hftradingsystem.pdb
c:\users\user\desktop\hftradingsystem\hftradingsystem\x64\debug\hftradingsystem.tlog\cl.command.1.tlog
c:\users\user\desktop\hftradingsystem\hftradingsystem\x64\debug\hftradingsystem.tlog\cl.read.1.tlog
c:\users\user\desktop\hftradingsystem\hftradingsystem\x64\debug\hftradingsystem.tlog\cl.write.1.tlog
c:\users\user\desktop\hftradingsystem\hftradingsystem\x64\debug\hftradingsystem.tlog\link.10344-cvtres.read.1.tlog
c:\users\user\desktop\hftradingsystem\hftradingsystem\x64\debug\hftradingsystem.tlog\link.10344-cvtres.write.1.tlog
c:\users\user\desktop\hftradingsystem\hftradingsystem\x64\debug\hftradingsystem.tlog\link.10344-rc.read.1.tlog
c:\users\user\desktop\hftradingsystem\hftradingsystem\x64\debug\hftradingsystem.tlog\link.10344-rc.write.1.tlog
c:\users\user\desktop\hftradingsystem\hftradingsystem\x64\debug\hftradingsystem.tlog\link.10344.read.1.tlog
c:\users\user\desktop\hftradingsystem\hftradingsystem\x64\debug\hftradingsystem.tlog\link.10344.read.2.tlog
c:\users\user\desktop\hftradingsystem\hftradingsystem\x64\debug\hftradingsystem.tlog\link.10344.write.1.tlog
c:\users\user\desktop\hftradingsystem\hftradingsystem\x64\debug\hftradingsystem.tlog\link.command.1.tlog
c:\users\user\desktop\hftradingsystem\hftradingsystem\x64\debug\hftradingsystem.tlog\link.read.1.tlog
c:\users\user\desktop\hftradingsystem\hftradingsystem\x64\debug\hftradingsystem.tlog\link.write.1.tlog
